d:\编程\code\code.u\u1a\project1( )\debug\for.obj
d:\编程\code\code.u\u1a\project1( )\debug\n的阶乘.obj
d:\编程\code\code.u\u1a\project1( )\debug\scanf.obj
d:\编程\code\code.u\u1a\project1( )\debug\while.obj
d:\编程\code\code.u\u1a\project1( )\debug\三角形.obj
d:\编程\code\code.u\u1a\project1( )\debug\两侧向中间出现字符.obj
d:\编程\code\code.u\u1a\project1( )\debug\判断是否奇数.obj
d:\编程\code\code.u\u1a\project1( )\debug\地址与指针变量.obj
d:\编程\code\code.u\u1a\project1( )\debug\实验三利润.obj
d:\编程\code\code.u\u1a\project1( )\debug\实验三利润2.obj
d:\编程\code\code.u\u1a\project1( )\debug\实验三利润比大小.obj
d:\编程\code\code.u\u1a\project1( )\debug\实验三多个比大小.obj
d:\编程\code\code.u\u1a\project1( )\debug\实验二.obj
d:\编程\code\code.u\u1a\project1( )\debug\实验二三角形.obj
d:\编程\code\code.u\u1a\project1( )\debug\实验四1水仙花数.obj
d:\编程\code\code.u\u1a\project1( )\debug\实验四2.obj
d:\编程\code\code.u\u1a\project1( )\debug\实验四3钻石.obj
d:\编程\code\code.u\u1a\project1( )\debug\实验四4.obj
d:\编程\code\code.u\u1a\project1( )\debug\实验四4修改.obj
d:\编程\code\code.u\u1a\project1( )\debug\密码输入.obj
d:\编程\code\code.u\u1a\project1( )\debug\数据类型的大小.obj
d:\编程\code\code.u\u1a\project1( )\debug\敲两万行代码.obj
d:\编程\code\code.u\u1a\project1( )\debug\有序数组查找.obj
d:\编程\code\code.u\u1a\project1( )\debug\有序数组（二分）查找.obj
d:\编程\code\code.u\u1a\project1( )\debug\比大小.obj
d:\编程\code\code.u\u1a\project1( )\debug\水仙花数.obj
d:\编程\code\code.u\u1a\project1( )\debug\源.obj
d:\编程\code\code.u\u1a\project1( )\debug\源1105中值-乘法.obj
d:\编程\code\code.u\u1a\project1( )\debug\源11111111.obj
d:\编程\code\code.u\u1a\project1( )\debug\源2222222222.obj
d:\编程\code\code.u\u1a\project1( )\debug\猜数.obj
d:\编程\code\code.u\u1a\project1( )\debug\结构体.obj
d:\编程\code\code.u\u1a\project1( )\debug\选择学习选择成功.obj
d:\编程\code\code.u\u1a\project1( )\debug\问题.obj
d:\编程\code\code.u\u1a\project1( )\debug\n的阶乘.obj.enc
d:\编程\code\code.u\u1a\project1( )\debug\有序数组查找.obj.enc
d:\编程\code\code.u\u1a\project1( )\debug\1.ilk
d:\编程\code\code.u\u1a\project1( )\debug\project1.ilk
d:\编程\code\code.u\u1a\project1( )\debug\vc142.idb
d:\编程\code\code.u\u1a\project1( )\debug\vc143.idb
d:\编程\code\code.u\u1a\project1( )\debug\1.pdb
d:\编程\code\code.u\u1a\project1( )\debug\project1.pdb
d:\编程\code\code.u\u1a\project1( )\debug\project2(实验）.pdb
d:\编程\code\code.u\u1a\project1( )\debug\vc142.pdb
d:\编程\code\code.u\u1a\project1( )\debug\vc143.pdb
